12:11:14,767 WARN  http-nio-8080-exec-6 LoginController:loginUser:77 - Wrong email or pass
12:11:21,075 WARN  http-nio-8080-exec-8 LoginController:loginUser:77 - Wrong email or pass
12:12:02,057 WARN  http-nio-8080-exec-8 RegisterController:registerUser:73 - Password field is empty
12:12:09,596 WARN  http-nio-8080-exec-8 RegisterController:registerUser:73 - User with such identifier exist
10:22:10,519 WARN  http-nio-8080-exec-7 CheckAccessFilter:doFilter:52 - Page not found
10:22:12,602 WARN  http-nio-8080-exec-6 CheckAccessFilter:doFilter:52 - Page not found
10:22:19,121 WARN  http-nio-8080-exec-6 CheckAccessFilter:doFilter:52 - Page not found
10:22:21,347 WARN  http-nio-8080-exec-1 CheckAccessFilter:doFilter:52 - Page not found
10:22:29,545 WARN  http-nio-8080-exec-8 CheckAccessFilter:doFilter:52 - Page not found
10:22:31,924 WARN  http-nio-8080-exec-1 CheckAccessFilter:doFilter:52 - Page not found
10:23:03,958 WARN  http-nio-8080-exec-6 CheckAccessFilter:doFilter:52 - Page not found
10:23:04,580 WARN  http-nio-8080-exec-5 CheckAccessFilter:doFilter:52 - Page not found
10:23:08,260 WARN  http-nio-8080-exec-10 CheckAccessFilter:doFilter:52 - Page not found
10:23:11,966 WARN  http-nio-8080-exec-8 CheckAccessFilter:doFilter:52 - Page not found
10:23:14,419 WARN  http-nio-8080-exec-3 CheckAccessFilter:doFilter:52 - Page not found
10:23:16,214 WARN  http-nio-8080-exec-8 CheckAccessFilter:doFilter:52 - Page not found
10:23:18,191 WARN  http-nio-8080-exec-3 CheckAccessFilter:doFilter:52 - Page not found
14:32:54,597 WARN  http-nio-8080-exec-1 CheckAccessFilter:doFilter:52 - Page not found
14:33:46,249 WARN  http-nio-8080-exec-3 LoginController:loginUser:77 - Wrong email or pass
14:33:54,558 WARN  http-nio-8080-exec-16 CheckAccessFilter:doFilter:52 - Page not found
14:34:11,303 WARN  http-nio-8080-exec-17 CheckAccessFilter:doFilter:52 - Page not found
14:34:13,627 WARN  http-nio-8080-exec-13 CheckAccessFilter:doFilter:52 - Page not found
14:34:15,390 WARN  http-nio-8080-exec-15 CheckAccessFilter:doFilter:52 - Page not found
14:34:18,053 WARN  http-nio-8080-exec-16 CheckAccessFilter:doFilter:52 - Page not found
14:34:20,700 WARN  http-nio-8080-exec-20 CheckAccessFilter:doFilter:52 - Page not found
14:42:33,057 WARN  http-nio-8080-exec-18 CheckAccessFilter:doFilter:52 - Page not found
14:42:36,440 WARN  http-nio-8080-exec-19 CheckAccessFilter:doFilter:52 - Page not found
14:42:53,296 WARN  http-nio-8080-exec-21 CheckAccessFilter:doFilter:52 - Page not found
14:42:53,633 WARN  http-nio-8080-exec-24 CheckAccessFilter:doFilter:52 - Page not found
14:42:55,229 WARN  http-nio-8080-exec-28 CheckAccessFilter:doFilter:52 - Page not found
14:43:06,736 WARN  http-nio-8080-exec-23 CheckAccessFilter:doFilter:52 - Page not found
14:43:07,037 WARN  http-nio-8080-exec-29 CheckAccessFilter:doFilter:52 - Page not found
14:43:08,320 WARN  http-nio-8080-exec-24 CheckAccessFilter:doFilter:52 - Page not found
14:43:09,600 WARN  http-nio-8080-exec-28 CheckAccessFilter:doFilter:52 - Page not found
14:43:11,846 WARN  http-nio-8080-exec-25 CheckAccessFilter:doFilter:52 - Page not found
14:43:15,031 WARN  http-nio-8080-exec-26 CheckAccessFilter:doFilter:52 - Page not found
14:43:19,923 WARN  http-nio-8080-exec-21 CheckAccessFilter:doFilter:52 - Page not found
14:43:23,717 WARN  http-nio-8080-exec-25 CheckAccessFilter:doFilter:52 - Page not found
14:43:24,620 WARN  http-nio-8080-exec-26 CheckAccessFilter:doFilter:52 - Page not found
14:44:08,781 WARN  http-nio-8080-exec-24 CheckAccessFilter:doFilter:52 - Page not found
14:44:10,747 WARN  http-nio-8080-exec-28 CheckAccessFilter:doFilter:52 - Page not found
14:44:12,128 WARN  http-nio-8080-exec-25 CheckAccessFilter:doFilter:52 - Page not found
14:44:14,031 WARN  http-nio-8080-exec-26 CheckAccessFilter:doFilter:52 - Page not found
14:44:15,427 WARN  http-nio-8080-exec-21 CheckAccessFilter:doFilter:52 - Page not found
14:44:15,996 WARN  http-nio-8080-exec-24 CheckAccessFilter:doFilter:52 - Page not found
14:44:20,878 WARN  http-nio-8080-exec-30 CheckAccessFilter:doFilter:52 - Page not found
14:44:22,392 WARN  http-nio-8080-exec-23 CheckAccessFilter:doFilter:52 - Page not found
14:58:13,088 WARN  http-nio-8080-exec-9 CheckAccessFilter:doFilter:52 - Page not found
14:59:23,418 WARN  http-nio-8080-exec-3 CheckAccessFilter:doFilter:52 - Page not found
14:59:25,451 WARN  http-nio-8080-exec-6 CheckAccessFilter:doFilter:52 - Page not found
14:59:26,871 WARN  http-nio-8080-exec-8 CheckAccessFilter:doFilter:52 - Page not found
14:59:29,667 WARN  http-nio-8080-exec-1 CheckAccessFilter:doFilter:52 - Page not found
14:59:33,119 WARN  http-nio-8080-exec-5 CheckAccessFilter:doFilter:52 - Page not found
14:59:45,475 WARN  http-nio-8080-exec-10 CheckAccessFilter:doFilter:52 - Page not found
14:59:45,814 WARN  http-nio-8080-exec-3 CheckAccessFilter:doFilter:52 - Page not found
15:00:30,675 WARN  http-nio-8080-exec-1 CheckAccessFilter:doFilter:52 - Page not found
15:02:24,163 WARN  http-nio-8080-exec-8 CheckAccessFilter:doFilter:52 - Page not found
15:02:26,925 WARN  http-nio-8080-exec-1 CheckAccessFilter:doFilter:52 - Page not found
15:02:29,201 WARN  http-nio-8080-exec-5 CheckAccessFilter:doFilter:52 - Page not found
15:02:31,119 WARN  http-nio-8080-exec-7 CheckAccessFilter:doFilter:52 - Page not found
15:05:05,207 WARN  http-nio-8080-exec-4 CheckAccessFilter:doFilter:52 - Page not found
15:05:11,730 WARN  http-nio-8080-exec-7 CheckAccessFilter:doFilter:52 - Page not found
15:05:14,281 WARN  http-nio-8080-exec-1 CheckAccessFilter:doFilter:52 - Page not found
15:08:04,470 WARN  http-nio-8080-exec-7 CheckAccessFilter:doFilter:52 - Page not found
15:08:06,793 WARN  http-nio-8080-exec-9 CheckAccessFilter:doFilter:52 - Page not found
15:08:08,777 WARN  http-nio-8080-exec-10 CheckAccessFilter:doFilter:52 - Page not found
15:08:53,618 WARN  http-nio-8080-exec-6 CheckAccessFilter:doFilter:52 - Page not found
15:08:56,162 WARN  http-nio-8080-exec-9 CheckAccessFilter:doFilter:52 - Page not found
15:09:04,476 WARN  http-nio-8080-exec-4 CheckAccessFilter:doFilter:52 - Page not found
15:09:06,261 WARN  http-nio-8080-exec-5 CheckAccessFilter:doFilter:52 - Page not found
15:12:53,151 WARN  http-nio-8080-exec-9 CheckAccessFilter:doFilter:52 - Page not found
15:12:53,959 WARN  http-nio-8080-exec-2 CheckAccessFilter:doFilter:52 - Page not found
15:12:57,113 WARN  http-nio-8080-exec-8 CheckAccessFilter:doFilter:52 - Page not found
15:12:58,788 WARN  http-nio-8080-exec-3 CheckAccessFilter:doFilter:52 - Page not found
15:13:00,055 WARN  http-nio-8080-exec-1 CheckAccessFilter:doFilter:52 - Page not found
15:13:10,866 WARN  http-nio-8080-exec-8 CheckAccessFilter:doFilter:52 - Page not found
15:13:11,211 WARN  http-nio-8080-exec-3 CheckAccessFilter:doFilter:52 - Page not found
15:13:16,462 WARN  http-nio-8080-exec-1 CheckAccessFilter:doFilter:52 - Page not found
15:13:18,176 WARN  http-nio-8080-exec-7 CheckAccessFilter:doFilter:52 - Page not found
15:13:19,916 WARN  http-nio-8080-exec-4 CheckAccessFilter:doFilter:52 - Page not found
15:13:23,639 WARN  http-nio-8080-exec-8 CheckAccessFilter:doFilter:52 - Page not found
15:13:38,636 WARN  http-nio-8080-exec-6 CheckAccessFilter:doFilter:52 - Page not found
15:13:40,521 WARN  http-nio-8080-exec-8 CheckAccessFilter:doFilter:52 - Page not found
15:13:41,435 WARN  http-nio-8080-exec-3 CheckAccessFilter:doFilter:52 - Page not found
15:13:42,549 WARN  http-nio-8080-exec-1 CheckAccessFilter:doFilter:52 - Page not found
15:13:44,011 WARN  http-nio-8080-exec-7 CheckAccessFilter:doFilter:52 - Page not found
15:13:47,362 WARN  http-nio-8080-exec-4 CheckAccessFilter:doFilter:52 - Page not found
15:13:52,611 WARN  http-nio-8080-exec-8 CheckAccessFilter:doFilter:52 - Page not found
15:13:54,180 WARN  http-nio-8080-exec-3 CheckAccessFilter:doFilter:52 - Page not found
15:13:56,670 WARN  http-nio-8080-exec-1 CheckAccessFilter:doFilter:52 - Page not found
15:13:57,969 WARN  http-nio-8080-exec-7 CheckAccessFilter:doFilter:52 - Page not found
15:13:59,845 WARN  http-nio-8080-exec-4 CheckAccessFilter:doFilter:52 - Page not found
15:14:02,592 WARN  http-nio-8080-exec-8 CheckAccessFilter:doFilter:52 - Page not found
15:14:11,074 WARN  http-nio-8080-exec-3 CheckAccessFilter:doFilter:52 - Page not found
15:14:15,677 WARN  http-nio-8080-exec-1 CheckAccessFilter:doFilter:52 - Page not found
15:14:19,973 WARN  http-nio-8080-exec-7 CheckAccessFilter:doFilter:52 - Page not found
15:14:22,129 WARN  http-nio-8080-exec-4 CheckAccessFilter:doFilter:52 - Page not found
15:14:30,693 WARN  http-nio-8080-exec-7 CheckAccessFilter:doFilter:52 - Page not found
15:14:32,835 WARN  http-nio-8080-exec-4 CheckAccessFilter:doFilter:52 - Page not found
15:14:34,393 WARN  http-nio-8080-exec-8 CheckAccessFilter:doFilter:52 - Page not found
15:22:07,932 WARN  http-nio-8080-exec-3 CheckAccessFilter:doFilter:52 - Page not found
15:22:10,139 WARN  http-nio-8080-exec-11 CheckAccessFilter:doFilter:52 - Page not found
15:22:12,399 WARN  http-nio-8080-exec-6 CheckAccessFilter:doFilter:52 - Page not found
15:22:14,332 WARN  http-nio-8080-exec-1 CheckAccessFilter:doFilter:52 - Page not found
15:22:16,494 WARN  http-nio-8080-exec-12 CheckAccessFilter:doFilter:52 - Page not found
15:22:24,758 WARN  http-nio-8080-exec-6 CheckAccessFilter:doFilter:52 - Page not found
15:22:25,083 WARN  http-nio-8080-exec-1 CheckAccessFilter:doFilter:52 - Page not found
15:22:27,210 WARN  http-nio-8080-exec-12 CheckAccessFilter:doFilter:52 - Page not found
15:22:28,517 WARN  http-nio-8080-exec-17 CheckAccessFilter:doFilter:52 - Page not found
15:22:29,863 WARN  http-nio-8080-exec-11 CheckAccessFilter:doFilter:52 - Page not found
15:24:12,304 WARN  http-nio-8080-exec-19 CheckAccessFilter:doFilter:52 - Page not found
15:24:14,456 WARN  http-nio-8080-exec-22 CheckAccessFilter:doFilter:52 - Page not found
15:24:15,657 WARN  http-nio-8080-exec-21 CheckAccessFilter:doFilter:52 - Page not found
15:24:18,383 WARN  http-nio-8080-exec-20 CheckAccessFilter:doFilter:52 - Page not found
15:24:19,667 WARN  http-nio-8080-exec-18 CheckAccessFilter:doFilter:52 - Page not found
15:25:53,547 WARN  http-nio-8080-exec-31 CheckAccessFilter:doFilter:52 - Page not found
15:25:55,517 WARN  http-nio-8080-exec-24 CheckAccessFilter:doFilter:52 - Page not found
15:25:58,407 WARN  http-nio-8080-exec-26 CheckAccessFilter:doFilter:52 - Page not found
15:26:00,145 WARN  http-nio-8080-exec-21 CheckAccessFilter:doFilter:52 - Page not found
15:26:01,981 WARN  http-nio-8080-exec-32 CheckAccessFilter:doFilter:52 - Page not found
15:26:03,655 WARN  http-nio-8080-exec-31 CheckAccessFilter:doFilter:52 - Page not found
15:32:38,311 WARN  http-nio-8080-exec-46 CheckAccessFilter:doFilter:52 - Page not found
15:32:39,192 WARN  http-nio-8080-exec-37 CheckAccessFilter:doFilter:52 - Page not found
15:32:41,097 WARN  http-nio-8080-exec-45 CheckAccessFilter:doFilter:52 - Page not found
15:32:42,942 WARN  http-nio-8080-exec-47 CheckAccessFilter:doFilter:52 - Page not found
15:32:49,359 WARN  http-nio-8080-exec-43 CheckAccessFilter:doFilter:52 - Page not found
15:32:51,396 WARN  http-nio-8080-exec-46 CheckAccessFilter:doFilter:52 - Page not found
15:34:47,831 WARN  http-nio-8080-exec-47 CheckAccessFilter:doFilter:52 - Page not found
15:34:48,966 WARN  http-nio-8080-exec-46 CheckAccessFilter:doFilter:52 - Page not found
15:34:50,527 WARN  http-nio-8080-exec-42 CheckAccessFilter:doFilter:52 - Page not found
15:34:51,922 WARN  http-nio-8080-exec-50 CheckAccessFilter:doFilter:52 - Page not found
15:37:42,508 WARN  http-nio-8080-exec-53 CheckAccessFilter:doFilter:52 - Page not found
15:37:48,355 WARN  http-nio-8080-exec-50 CheckAccessFilter:doFilter:52 - Page not found
15:37:49,913 WARN  http-nio-8080-exec-58 CheckAccessFilter:doFilter:52 - Page not found
15:37:51,414 WARN  http-nio-8080-exec-57 CheckAccessFilter:doFilter:52 - Page not found
15:39:14,059 WARN  http-nio-8080-exec-50 CheckAccessFilter:doFilter:52 - Page not found
15:39:18,319 WARN  http-nio-8080-exec-63 CheckAccessFilter:doFilter:52 - Page not found
15:39:19,643 WARN  http-nio-8080-exec-60 CheckAccessFilter:doFilter:52 - Page not found
15:39:21,283 WARN  http-nio-8080-exec-67 CheckAccessFilter:doFilter:52 - Page not found
15:39:22,473 WARN  http-nio-8080-exec-58 CheckAccessFilter:doFilter:52 - Page not found
15:39:23,386 WARN  http-nio-8080-exec-68 CheckAccessFilter:doFilter:52 - Page not found
15:39:24,850 WARN  http-nio-8080-exec-63 CheckAccessFilter:doFilter:52 - Page not found
16:35:54,122 WARN  http-nio-8080-exec-67 LoginController:loginUser:77 - Wrong email or pass
16:36:02,251 WARN  http-nio-8080-exec-66 CheckAccessFilter:doFilter:52 - Page not found
16:36:04,267 WARN  http-nio-8080-exec-68 CheckAccessFilter:doFilter:52 - Page not found
16:36:06,439 WARN  http-nio-8080-exec-74 CheckAccessFilter:doFilter:52 - Page not found
16:39:20,467 WARN  http-nio-8080-exec-71 CheckAccessFilter:doFilter:52 - Page not found
16:39:22,647 WARN  http-nio-8080-exec-67 CheckAccessFilter:doFilter:52 - Page not found
16:39:23,765 WARN  http-nio-8080-exec-66 CheckAccessFilter:doFilter:52 - Page not found
16:39:25,046 WARN  http-nio-8080-exec-68 CheckAccessFilter:doFilter:52 - Page not found
16:39:26,763 WARN  http-nio-8080-exec-74 CheckAccessFilter:doFilter:52 - Page not found
16:39:28,310 WARN  http-nio-8080-exec-71 CheckAccessFilter:doFilter:52 - Page not found
16:39:29,893 WARN  http-nio-8080-exec-67 CheckAccessFilter:doFilter:52 - Page not found
16:39:33,657 WARN  http-nio-8080-exec-66 CheckAccessFilter:doFilter:52 - Page not found
16:50:09,812 WARN  http-nio-8080-exec-73 CheckAccessFilter:doFilter:52 - Page not found
16:50:13,057 WARN  http-nio-8080-exec-71 CheckAccessFilter:doFilter:52 - Page not found
16:50:17,517 WARN  http-nio-8080-exec-76 CheckAccessFilter:doFilter:52 - Page not found
16:50:20,076 WARN  http-nio-8080-exec-74 CheckAccessFilter:doFilter:52 - Page not found
17:02:02,109 WARN  http-nio-8080-exec-83 CheckAccessFilter:doFilter:52 - Page not found
17:02:03,880 WARN  http-nio-8080-exec-85 CheckAccessFilter:doFilter:52 - Page not found
17:02:04,783 WARN  http-nio-8080-exec-79 CheckAccessFilter:doFilter:52 - Page not found
17:02:06,373 WARN  http-nio-8080-exec-80 CheckAccessFilter:doFilter:52 - Page not found
17:02:10,245 WARN  http-nio-8080-exec-81 CheckAccessFilter:doFilter:52 - Page not found
17:05:29,163 WARN  http-nio-8080-exec-83 CheckAccessFilter:doFilter:52 - Page not found
17:05:34,864 WARN  http-nio-8080-exec-84 GenreController:deleteGenre:112 - Genre assign with books
17:05:35,511 WARN  http-nio-8080-exec-85 CheckAccessFilter:doFilter:52 - Page not found
17:05:37,495 WARN  http-nio-8080-exec-78 CheckAccessFilter:doFilter:52 - Page not found
17:05:40,944 WARN  http-nio-8080-exec-76 CheckAccessFilter:doFilter:52 - Page not found
17:05:44,090 WARN  http-nio-8080-exec-81 CheckAccessFilter:doFilter:52 - Page not found
17:05:46,126 WARN  http-nio-8080-exec-83 CheckAccessFilter:doFilter:52 - Page not found
17:06:04,653 WARN  http-nio-8080-exec-85 CheckAccessFilter:doFilter:52 - Page not found
17:06:06,879 WARN  http-nio-8080-exec-79 CheckAccessFilter:doFilter:52 - Page not found
17:06:09,044 WARN  http-nio-8080-exec-80 CheckAccessFilter:doFilter:52 - Page not found
17:06:10,704 WARN  http-nio-8080-exec-81 CheckAccessFilter:doFilter:52 - Page not found
17:06:14,496 WARN  http-nio-8080-exec-84 CheckAccessFilter:doFilter:52 - Page not found
17:06:16,190 WARN  http-nio-8080-exec-78 CheckAccessFilter:doFilter:52 - Page not found
17:06:19,727 WARN  http-nio-8080-exec-76 CheckAccessFilter:doFilter:52 - Page not found
17:06:24,317 WARN  http-nio-8080-exec-77 CheckAccessFilter:doFilter:52 - Page not found
17:06:28,678 WARN  http-nio-8080-exec-81 BookOrderController:changeOrder:136 - BookOrder already has this status
17:06:28,990 WARN  http-nio-8080-exec-82 CheckAccessFilter:doFilter:52 - Page not found
17:06:32,168 WARN  http-nio-8080-exec-83 CheckAccessFilter:doFilter:52 - Page not found
17:06:33,273 WARN  http-nio-8080-exec-85 CheckAccessFilter:doFilter:52 - Page not found
17:35:03,042 WARN  http-nio-8080-exec-89 CheckAccessFilter:doFilter:52 - Page not found
17:35:07,209 WARN  http-nio-8080-exec-90 CheckAccessFilter:doFilter:52 - Page not found
17:35:11,218 WARN  http-nio-8080-exec-87 CheckAccessFilter:doFilter:52 - Page not found
17:35:12,625 WARN  http-nio-8080-exec-76 CheckAccessFilter:doFilter:52 - Page not found
17:35:15,279 WARN  http-nio-8080-exec-91 CheckAccessFilter:doFilter:52 - Page not found
17:35:17,318 WARN  http-nio-8080-exec-86 CheckAccessFilter:doFilter:52 - Page not found
17:49:19,340 WARN  http-nio-8080-exec-103 CheckAccessFilter:doFilter:52 - Page not found
17:49:21,181 WARN  http-nio-8080-exec-102 BookController:assignBook:128 - Book count too small
17:49:21,511 WARN  http-nio-8080-exec-101 CheckAccessFilter:doFilter:52 - Page not found
17:49:22,697 WARN  http-nio-8080-exec-100 CheckAccessFilter:doFilter:52 - Page not found
17:49:24,118 WARN  http-nio-8080-exec-93 CheckAccessFilter:doFilter:52 - Page not found
17:49:26,376 WARN  http-nio-8080-exec-99 CheckAccessFilter:doFilter:52 - Page not found
17:49:28,413 WARN  http-nio-8080-exec-107 CheckAccessFilter:doFilter:52 - Page not found
